
ERROR 2025-01-05 12:05:45,680 log Internal Server Error: /authentication_app/
Traceback (most recent call last):
  File "/Users/dhrumeen/projects/django_login/.venv/lib/python3.13/site-packages/django/core/handlers/exception.py", line 55, in inner
    response = get_response(request)
  File "/Users/dhrumeen/projects/django_login/authentication/authentication_app/middleware.py", line 15, in __call__
    last_activity = request.sessiont.get('last_activity')
                    ^^^^^^^^^^^^^^^^
AttributeError: 'WSGIRequest' object has no attribute 'sessiont'. Did you mean: 'session'?
ERROR 2025-01-05 12:05:45,681 basehttp "GET /authentication_app/ HTTP/1.1" 500 59158
ERROR 2025-01-05 12:13:07,999 log Internal Server Error: /authentication_app/
Traceback (most recent call last):
  File "/Users/dhrumeen/projects/django_login/.venv/lib/python3.13/site-packages/django/core/handlers/exception.py", line 55, in inner
    response = get_response(request)
  File "/Users/dhrumeen/projects/django_login/authentication/authentication_app/middleware.py", line 18, in __call__
    elapsed_time = now - datetime.datetime.fromisoformat(last_activity).seconds
                         ^^^^^^^^^^^^^^^^^^^^^^^^^^^^^^^^^^^^^^^^^^^^^^^^^^^^^^
AttributeError: 'datetime.datetime' object has no attribute 'seconds'. Did you mean: 'second'?
ERROR 2025-01-05 12:13:08,000 basehttp "GET /authentication_app/ HTTP/1.1" 500 59413
ERROR 2025-01-05 12:46:39,013 log Internal Server Error: /authentication_app/
Traceback (most recent call last):
  File "/Users/dhrumeen/projects/django_login/.venv/lib/python3.13/site-packages/django/core/handlers/exception.py", line 55, in inner
    response = get_response(request)
  File "/Users/dhrumeen/projects/django_login/authentication/authentication_app/middleware.py", line 19, in __call__
    if elapsed_time > getattr(settings, 'SESSION_TIMEOUT', 60*10):
       ^^^^^^^^^^^^^^^^^^^^^^^^^^^^^^^^^^^^^^^^^^^^^^^^^^^^^^^^^^
TypeError: '>' not supported between instances of 'datetime.timedelta' and 'int'
ERROR 2025-01-05 12:46:39,014 basehttp "GET /authentication_app/ HTTP/1.1" 500 59564
ERROR 2025-01-05 16:02:25,758 log Internal Server Error: /authentication_app/login/
Traceback (most recent call last):
  File "/Users/dhrumeen/projects/django_login/.venv/lib/python3.13/site-packages/django/template/smartif.py", line 180, in translate_token
    op = OPERATORS[token]
         ~~~~~~~~~^^^^^^^
KeyError: 'message.tags}'

During handling of the above exception, another exception occurred:

Traceback (most recent call last):
  File "/Users/dhrumeen/projects/django_login/.venv/lib/python3.13/site-packages/django/core/handlers/exception.py", line 55, in inner
    response = get_response(request)
  File "/Users/dhrumeen/projects/django_login/.venv/lib/python3.13/site-packages/django/core/handlers/base.py", line 197, in _get_response
    response = wrapped_callback(request, *callback_args, **callback_kwargs)
  File "/Users/dhrumeen/projects/django_login/authentication/authentication_app/views.py", line 25, in login_view
    return render(request, 'authentication_app/login.html')
  File "/Users/dhrumeen/projects/django_login/.venv/lib/python3.13/site-packages/django/shortcuts.py", line 25, in render
    content = loader.render_to_string(template_name, context, request, using=using)
  File "/Users/dhrumeen/projects/django_login/.venv/lib/python3.13/site-packages/django/template/loader.py", line 61, in render_to_string
    template = get_template(template_name, using=using)
  File "/Users/dhrumeen/projects/django_login/.venv/lib/python3.13/site-packages/django/template/loader.py", line 15, in get_template
    return engine.get_template(template_name)
           ~~~~~~~~~~~~~~~~~~~^^^^^^^^^^^^^^^
  File "/Users/dhrumeen/projects/django_login/.venv/lib/python3.13/site-packages/django/template/backends/django.py", line 79, in get_template
    return Template(self.engine.get_template(template_name), self)
                    ~~~~~~~~~~~~~~~~~~~~~~~~^^^^^^^^^^^^^^^
  File "/Users/dhrumeen/projects/django_login/.venv/lib/python3.13/site-packages/django/template/engine.py", line 177, in get_template
    template, origin = self.find_template(template_name)
                       ~~~~~~~~~~~~~~~~~~^^^^^^^^^^^^^^^
  File "/Users/dhrumeen/projects/django_login/.venv/lib/python3.13/site-packages/django/template/engine.py", line 159, in find_template
    template = loader.get_template(name, skip=skip)
  File "/Users/dhrumeen/projects/django_login/.venv/lib/python3.13/site-packages/django/template/loaders/cached.py", line 57, in get_template
    template = super().get_template(template_name, skip)
  File "/Users/dhrumeen/projects/django_login/.venv/lib/python3.13/site-packages/django/template/loaders/base.py", line 28, in get_template
    return Template(
        contents,
    ...<2 lines>...
        self.engine,
    )
  File "/Users/dhrumeen/projects/django_login/.venv/lib/python3.13/site-packages/django/template/base.py", line 154, in __init__
    self.nodelist = self.compile_nodelist()
                    ~~~~~~~~~~~~~~~~~~~~~^^
  File "/Users/dhrumeen/projects/django_login/.venv/lib/python3.13/site-packages/django/template/base.py", line 196, in compile_nodelist
    nodelist = parser.parse()
  File "/Users/dhrumeen/projects/django_login/.venv/lib/python3.13/site-packages/django/template/base.py", line 518, in parse
    raise self.error(token, e)
  File "/Users/dhrumeen/projects/django_login/.venv/lib/python3.13/site-packages/django/template/base.py", line 516, in parse
    compiled_result = compile_func(self, token)
  File "/Users/dhrumeen/projects/django_login/.venv/lib/python3.13/site-packages/django/template/defaulttags.py", line 962, in do_if
    nodelist = parser.parse(("elif", "else", "endif"))
  File "/Users/dhrumeen/projects/django_login/.venv/lib/python3.13/site-packages/django/template/base.py", line 518, in parse
    raise self.error(token, e)
  File "/Users/dhrumeen/projects/django_login/.venv/lib/python3.13/site-packages/django/template/base.py", line 516, in parse
    compiled_result = compile_func(self, token)
  File "/Users/dhrumeen/projects/django_login/.venv/lib/python3.13/site-packages/django/template/defaulttags.py", line 862, in do_for
    nodelist_loop = parser.parse(
        (
    ...<2 lines>...
        )
    )
  File "/Users/dhrumeen/projects/django_login/.venv/lib/python3.13/site-packages/django/template/base.py", line 518, in parse
    raise self.error(token, e)
  File "/Users/dhrumeen/projects/django_login/.venv/lib/python3.13/site-packages/django/template/base.py", line 516, in parse
    compiled_result = compile_func(self, token)
  File "/Users/dhrumeen/projects/django_login/.venv/lib/python3.13/site-packages/django/template/defaulttags.py", line 961, in do_if
    condition = TemplateIfParser(parser, bits).parse()
                ~~~~~~~~~~~~~~~~^^^^^^^^^^^^^^
  File "/Users/dhrumeen/projects/django_login/.venv/lib/python3.13/site-packages/django/template/defaulttags.py", line 894, in __init__
    super().__init__(*args, **kwargs)
    ~~~~~~~~~~~~~~~~^^^^^^^^^^^^^^^^^
  File "/Users/dhrumeen/projects/django_login/.venv/lib/python3.13/site-packages/django/template/smartif.py", line 171, in __init__
    mapped_tokens.append(self.translate_token(token))
                         ~~~~~~~~~~~~~~~~~~~~^^^^^^^
  File "/Users/dhrumeen/projects/django_login/.venv/lib/python3.13/site-packages/django/template/smartif.py", line 182, in translate_token
    return self.create_var(token)
           ~~~~~~~~~~~~~~~^^^^^^^
  File "/Users/dhrumeen/projects/django_login/.venv/lib/python3.13/site-packages/django/template/defaulttags.py", line 897, in create_var
    return TemplateLiteral(self.template_parser.compile_filter(value), value)
                           ~~~~~~~~~~~~~~~~~~~~~~~~~~~~~~~~~~~^^^^^^^
  File "/Users/dhrumeen/projects/django_login/.venv/lib/python3.13/site-packages/django/template/base.py", line 605, in compile_filter
    return FilterExpression(token, self)
  File "/Users/dhrumeen/projects/django_login/.venv/lib/python3.13/site-packages/django/template/base.py", line 706, in __init__
    raise TemplateSyntaxError(
    ...<2 lines>...
    )
django.template.exceptions.TemplateSyntaxError: Could not parse the remainder: '}' from 'message.tags}'
ERROR 2025-01-05 16:02:25,763 basehttp "GET /authentication_app/login/ HTTP/1.1" 500 200517
ERROR 2025-01-06 10:55:59,264 log Internal Server Error: /authentication_app/signup/
Traceback (most recent call last):
  File "/Users/dhrumeen/projects/django_login/.venv/lib/python3.13/site-packages/django/template/base.py", line 510, in parse
    compile_func = self.tags[command]
                   ~~~~~~~~~^^^^^^^^^
KeyError: 'endwith'

During handling of the above exception, another exception occurred:

Traceback (most recent call last):
  File "/Users/dhrumeen/projects/django_login/.venv/lib/python3.13/site-packages/django/core/handlers/exception.py", line 55, in inner
    response = get_response(request)
  File "/Users/dhrumeen/projects/django_login/.venv/lib/python3.13/site-packages/django/core/handlers/base.py", line 197, in _get_response
    response = wrapped_callback(request, *callback_args, **callback_kwargs)
  File "/Users/dhrumeen/projects/django_login/authentication/authentication_app/views.py", line 55, in signup_view
    return render_htmx_message(context)
  File "/Users/dhrumeen/projects/django_login/authentication/authentication_app/utils.py", line 5, in render_htmx_message
    html_message = render_to_string('authentication_app/message.html', context=context)
  File "/Users/dhrumeen/projects/django_login/.venv/lib/python3.13/site-packages/django/template/loader.py", line 61, in render_to_string
    template = get_template(template_name, using=using)
  File "/Users/dhrumeen/projects/django_login/.venv/lib/python3.13/site-packages/django/template/loader.py", line 15, in get_template
    return engine.get_template(template_name)
           ~~~~~~~~~~~~~~~~~~~^^^^^^^^^^^^^^^
  File "/Users/dhrumeen/projects/django_login/.venv/lib/python3.13/site-packages/django/template/backends/django.py", line 79, in get_template
    return Template(self.engine.get_template(template_name), self)
                    ~~~~~~~~~~~~~~~~~~~~~~~~^^^^^^^^^^^^^^^
  File "/Users/dhrumeen/projects/django_login/.venv/lib/python3.13/site-packages/django/template/engine.py", line 177, in get_template
    template, origin = self.find_template(template_name)
                       ~~~~~~~~~~~~~~~~~~^^^^^^^^^^^^^^^
  File "/Users/dhrumeen/projects/django_login/.venv/lib/python3.13/site-packages/django/template/engine.py", line 159, in find_template
    template = loader.get_template(name, skip=skip)
  File "/Users/dhrumeen/projects/django_login/.venv/lib/python3.13/site-packages/django/template/loaders/cached.py", line 57, in get_template
    template = super().get_template(template_name, skip)
  File "/Users/dhrumeen/projects/django_login/.venv/lib/python3.13/site-packages/django/template/loaders/base.py", line 28, in get_template
    return Template(
        contents,
    ...<2 lines>...
        self.engine,
    )
  File "/Users/dhrumeen/projects/django_login/.venv/lib/python3.13/site-packages/django/template/base.py", line 154, in __init__
    self.nodelist = self.compile_nodelist()
                    ~~~~~~~~~~~~~~~~~~~~~^^
  File "/Users/dhrumeen/projects/django_login/.venv/lib/python3.13/site-packages/django/template/base.py", line 196, in compile_nodelist
    nodelist = parser.parse()
  File "/Users/dhrumeen/projects/django_login/.venv/lib/python3.13/site-packages/django/template/base.py", line 518, in parse
    raise self.error(token, e)
  File "/Users/dhrumeen/projects/django_login/.venv/lib/python3.13/site-packages/django/template/base.py", line 516, in parse
    compiled_result = compile_func(self, token)
  File "/Users/dhrumeen/projects/django_login/.venv/lib/python3.13/site-packages/django/template/defaulttags.py", line 962, in do_if
    nodelist = parser.parse(("elif", "else", "endif"))
  File "/Users/dhrumeen/projects/django_login/.venv/lib/python3.13/site-packages/django/template/base.py", line 512, in parse
    self.invalid_block_tag(token, command, parse_until)
    ~~~~~~~~~~~~~~~~~~~~~~^^^^^^^^^^^^^^^^^^^^^^^^^^^^^
  File "/Users/dhrumeen/projects/django_login/.venv/lib/python3.13/site-packages/django/template/base.py", line 563, in invalid_block_tag
    raise self.error(
    ...<8 lines>...
    )
django.template.exceptions.TemplateSyntaxError: Invalid block tag on line 4: 'endwith', expected 'elif', 'else' or 'endif'. Did you forget to register or load this tag?
ERROR 2025-01-06 10:55:59,269 basehttp "POST /authentication_app/signup/ HTTP/1.1" 500 145607
ERROR 2025-01-06 10:58:59,332 log Internal Server Error: /authentication_app/signup/
Traceback (most recent call last):
  File "/Users/dhrumeen/projects/django_login/.venv/lib/python3.13/site-packages/django/template/base.py", line 510, in parse
    compile_func = self.tags[command]
                   ~~~~~~~~~^^^^^^^^^
KeyError: 'endwith'

During handling of the above exception, another exception occurred:

Traceback (most recent call last):
  File "/Users/dhrumeen/projects/django_login/.venv/lib/python3.13/site-packages/django/core/handlers/exception.py", line 55, in inner
    response = get_response(request)
  File "/Users/dhrumeen/projects/django_login/.venv/lib/python3.13/site-packages/django/core/handlers/base.py", line 197, in _get_response
    response = wrapped_callback(request, *callback_args, **callback_kwargs)
  File "/Users/dhrumeen/projects/django_login/authentication/authentication_app/views.py", line 55, in signup_view
    return render_htmx_message(context)
  File "/Users/dhrumeen/projects/django_login/authentication/authentication_app/utils.py", line 5, in render_htmx_message
    html_message = render_to_string('authentication_app/message.html', context=context)
  File "/Users/dhrumeen/projects/django_login/.venv/lib/python3.13/site-packages/django/template/loader.py", line 61, in render_to_string
    template = get_template(template_name, using=using)
  File "/Users/dhrumeen/projects/django_login/.venv/lib/python3.13/site-packages/django/template/loader.py", line 15, in get_template
    return engine.get_template(template_name)
           ~~~~~~~~~~~~~~~~~~~^^^^^^^^^^^^^^^
  File "/Users/dhrumeen/projects/django_login/.venv/lib/python3.13/site-packages/django/template/backends/django.py", line 79, in get_template
    return Template(self.engine.get_template(template_name), self)
                    ~~~~~~~~~~~~~~~~~~~~~~~~^^^^^^^^^^^^^^^
  File "/Users/dhrumeen/projects/django_login/.venv/lib/python3.13/site-packages/django/template/engine.py", line 177, in get_template
    template, origin = self.find_template(template_name)
                       ~~~~~~~~~~~~~~~~~~^^^^^^^^^^^^^^^
  File "/Users/dhrumeen/projects/django_login/.venv/lib/python3.13/site-packages/django/template/engine.py", line 159, in find_template
    template = loader.get_template(name, skip=skip)
  File "/Users/dhrumeen/projects/django_login/.venv/lib/python3.13/site-packages/django/template/loaders/cached.py", line 57, in get_template
    template = super().get_template(template_name, skip)
  File "/Users/dhrumeen/projects/django_login/.venv/lib/python3.13/site-packages/django/template/loaders/base.py", line 28, in get_template
    return Template(
        contents,
    ...<2 lines>...
        self.engine,
    )
  File "/Users/dhrumeen/projects/django_login/.venv/lib/python3.13/site-packages/django/template/base.py", line 154, in __init__
    self.nodelist = self.compile_nodelist()
                    ~~~~~~~~~~~~~~~~~~~~~^^
  File "/Users/dhrumeen/projects/django_login/.venv/lib/python3.13/site-packages/django/template/base.py", line 196, in compile_nodelist
    nodelist = parser.parse()
  File "/Users/dhrumeen/projects/django_login/.venv/lib/python3.13/site-packages/django/template/base.py", line 518, in parse
    raise self.error(token, e)
  File "/Users/dhrumeen/projects/django_login/.venv/lib/python3.13/site-packages/django/template/base.py", line 516, in parse
    compiled_result = compile_func(self, token)
  File "/Users/dhrumeen/projects/django_login/.venv/lib/python3.13/site-packages/django/template/defaulttags.py", line 962, in do_if
    nodelist = parser.parse(("elif", "else", "endif"))
  File "/Users/dhrumeen/projects/django_login/.venv/lib/python3.13/site-packages/django/template/base.py", line 512, in parse
    self.invalid_block_tag(token, command, parse_until)
    ~~~~~~~~~~~~~~~~~~~~~~^^^^^^^^^^^^^^^^^^^^^^^^^^^^^
  File "/Users/dhrumeen/projects/django_login/.venv/lib/python3.13/site-packages/django/template/base.py", line 563, in invalid_block_tag
    raise self.error(
    ...<8 lines>...
    )
django.template.exceptions.TemplateSyntaxError: Invalid block tag on line 4: 'endwith', expected 'elif', 'else' or 'endif'. Did you forget to register or load this tag?
ERROR 2025-01-06 10:58:59,336 basehttp "POST /authentication_app/signup/ HTTP/1.1" 500 145575
ERROR 2025-01-06 11:00:26,132 log Internal Server Error: /authentication_app/signup/
Traceback (most recent call last):
  File "/Users/dhrumeen/projects/django_login/.venv/lib/python3.13/site-packages/django/core/handlers/exception.py", line 55, in inner
    response = get_response(request)
  File "/Users/dhrumeen/projects/django_login/.venv/lib/python3.13/site-packages/django/core/handlers/base.py", line 197, in _get_response
    response = wrapped_callback(request, *callback_args, **callback_kwargs)
  File "/Users/dhrumeen/projects/django_login/authentication/authentication_app/views.py", line 55, in signup_view
    return render_htmx_message(context)
  File "/Users/dhrumeen/projects/django_login/authentication/authentication_app/utils.py", line 5, in render_htmx_message
    html_message = render_to_string('authentication_app/message.html', context=context)
  File "/Users/dhrumeen/projects/django_login/.venv/lib/python3.13/site-packages/django/template/loader.py", line 61, in render_to_string
    template = get_template(template_name, using=using)
  File "/Users/dhrumeen/projects/django_login/.venv/lib/python3.13/site-packages/django/template/loader.py", line 15, in get_template
    return engine.get_template(template_name)
           ~~~~~~~~~~~~~~~~~~~^^^^^^^^^^^^^^^
  File "/Users/dhrumeen/projects/django_login/.venv/lib/python3.13/site-packages/django/template/backends/django.py", line 79, in get_template
    return Template(self.engine.get_template(template_name), self)
                    ~~~~~~~~~~~~~~~~~~~~~~~~^^^^^^^^^^^^^^^
  File "/Users/dhrumeen/projects/django_login/.venv/lib/python3.13/site-packages/django/template/engine.py", line 177, in get_template
    template, origin = self.find_template(template_name)
                       ~~~~~~~~~~~~~~~~~~^^^^^^^^^^^^^^^
  File "/Users/dhrumeen/projects/django_login/.venv/lib/python3.13/site-packages/django/template/engine.py", line 159, in find_template
    template = loader.get_template(name, skip=skip)
  File "/Users/dhrumeen/projects/django_login/.venv/lib/python3.13/site-packages/django/template/loaders/cached.py", line 57, in get_template
    template = super().get_template(template_name, skip)
  File "/Users/dhrumeen/projects/django_login/.venv/lib/python3.13/site-packages/django/template/loaders/base.py", line 28, in get_template
    return Template(
        contents,
    ...<2 lines>...
        self.engine,
    )
  File "/Users/dhrumeen/projects/django_login/.venv/lib/python3.13/site-packages/django/template/base.py", line 154, in __init__
    self.nodelist = self.compile_nodelist()
                    ~~~~~~~~~~~~~~~~~~~~~^^
  File "/Users/dhrumeen/projects/django_login/.venv/lib/python3.13/site-packages/django/template/base.py", line 196, in compile_nodelist
    nodelist = parser.parse()
  File "/Users/dhrumeen/projects/django_login/.venv/lib/python3.13/site-packages/django/template/base.py", line 518, in parse
    raise self.error(token, e)
  File "/Users/dhrumeen/projects/django_login/.venv/lib/python3.13/site-packages/django/template/base.py", line 516, in parse
    compiled_result = compile_func(self, token)
  File "/Users/dhrumeen/projects/django_login/.venv/lib/python3.13/site-packages/django/template/defaulttags.py", line 962, in do_if
    nodelist = parser.parse(("elif", "else", "endif"))
  File "/Users/dhrumeen/projects/django_login/.venv/lib/python3.13/site-packages/django/template/base.py", line 518, in parse
    raise self.error(token, e)
  File "/Users/dhrumeen/projects/django_login/.venv/lib/python3.13/site-packages/django/template/base.py", line 516, in parse
    compiled_result = compile_func(self, token)
  File "/Users/dhrumeen/projects/django_login/.venv/lib/python3.13/site-packages/django/template/defaulttags.py", line 1531, in do_with
    extra_context = token_kwargs(remaining_bits, parser, support_legacy=True)
  File "/Users/dhrumeen/projects/django_login/.venv/lib/python3.13/site-packages/django/template/base.py", line 1119, in token_kwargs
    kwargs[key] = parser.compile_filter(value)
                  ~~~~~~~~~~~~~~~~~~~~~^^^^^^^
  File "/Users/dhrumeen/projects/django_login/.venv/lib/python3.13/site-packages/django/template/base.py", line 605, in compile_filter
    return FilterExpression(token, self)
  File "/Users/dhrumeen/projects/django_login/.venv/lib/python3.13/site-packages/django/template/base.py", line 702, in __init__
    self.args_check(filter_name, filter_func, args)
    ~~~~~~~~~~~~~~~^^^^^^^^^^^^^^^^^^^^^^^^^^^^^^^^
  File "/Users/dhrumeen/projects/django_login/.venv/lib/python3.13/site-packages/django/template/base.py", line 764, in args_check
    raise TemplateSyntaxError(
        "%s requires %d arguments, %d provided" % (name, alen - dlen, plen)
    )
django.template.exceptions.TemplateSyntaxError: default requires 2 arguments, 1 provided
ERROR 2025-01-06 11:00:26,136 basehttp "POST /authentication_app/signup/ HTTP/1.1" 500 169696
ERROR 2025-01-06 11:32:39,101 log Internal Server Error: /authentication_app/signup/
Traceback (most recent call last):
  File "/Users/dhrumeen/projects/django_login/.venv/lib/python3.13/site-packages/django/core/handlers/exception.py", line 55, in inner
    response = get_response(request)
  File "/Users/dhrumeen/projects/django_login/.venv/lib/python3.13/site-packages/django/core/handlers/base.py", line 197, in _get_response
    response = wrapped_callback(request, *callback_args, **callback_kwargs)
  File "/Users/dhrumeen/projects/django_login/authentication/authentication_app/views.py", line 55, in signup_view
    return render_htmx_message(context)
  File "/Users/dhrumeen/projects/django_login/authentication/authentication_app/utils.py", line 5, in render_htmx_message
    html_message = render_to_string('authentication_app/message.html', context=context)
  File "/Users/dhrumeen/projects/django_login/.venv/lib/python3.13/site-packages/django/template/loader.py", line 61, in render_to_string
    template = get_template(template_name, using=using)
  File "/Users/dhrumeen/projects/django_login/.venv/lib/python3.13/site-packages/django/template/loader.py", line 15, in get_template
    return engine.get_template(template_name)
           ~~~~~~~~~~~~~~~~~~~^^^^^^^^^^^^^^^
  File "/Users/dhrumeen/projects/django_login/.venv/lib/python3.13/site-packages/django/template/backends/django.py", line 79, in get_template
    return Template(self.engine.get_template(template_name), self)
                    ~~~~~~~~~~~~~~~~~~~~~~~~^^^^^^^^^^^^^^^
  File "/Users/dhrumeen/projects/django_login/.venv/lib/python3.13/site-packages/django/template/engine.py", line 177, in get_template
    template, origin = self.find_template(template_name)
                       ~~~~~~~~~~~~~~~~~~^^^^^^^^^^^^^^^
  File "/Users/dhrumeen/projects/django_login/.venv/lib/python3.13/site-packages/django/template/engine.py", line 159, in find_template
    template = loader.get_template(name, skip=skip)
  File "/Users/dhrumeen/projects/django_login/.venv/lib/python3.13/site-packages/django/template/loaders/cached.py", line 57, in get_template
    template = super().get_template(template_name, skip)
  File "/Users/dhrumeen/projects/django_login/.venv/lib/python3.13/site-packages/django/template/loaders/base.py", line 28, in get_template
    return Template(
        contents,
    ...<2 lines>...
        self.engine,
    )
  File "/Users/dhrumeen/projects/django_login/.venv/lib/python3.13/site-packages/django/template/base.py", line 154, in __init__
    self.nodelist = self.compile_nodelist()
                    ~~~~~~~~~~~~~~~~~~~~~^^
  File "/Users/dhrumeen/projects/django_login/.venv/lib/python3.13/site-packages/django/template/base.py", line 196, in compile_nodelist
    nodelist = parser.parse()
  File "/Users/dhrumeen/projects/django_login/.venv/lib/python3.13/site-packages/django/template/base.py", line 518, in parse
    raise self.error(token, e)
  File "/Users/dhrumeen/projects/django_login/.venv/lib/python3.13/site-packages/django/template/base.py", line 516, in parse
    compiled_result = compile_func(self, token)
  File "/Users/dhrumeen/projects/django_login/.venv/lib/python3.13/site-packages/django/template/defaulttags.py", line 962, in do_if
    nodelist = parser.parse(("elif", "else", "endif"))
  File "/Users/dhrumeen/projects/django_login/.venv/lib/python3.13/site-packages/django/template/base.py", line 518, in parse
    raise self.error(token, e)
  File "/Users/dhrumeen/projects/django_login/.venv/lib/python3.13/site-packages/django/template/base.py", line 516, in parse
    compiled_result = compile_func(self, token)
  File "/Users/dhrumeen/projects/django_login/.venv/lib/python3.13/site-packages/django/template/defaulttags.py", line 1531, in do_with
    extra_context = token_kwargs(remaining_bits, parser, support_legacy=True)
  File "/Users/dhrumeen/projects/django_login/.venv/lib/python3.13/site-packages/django/template/base.py", line 1119, in token_kwargs
    kwargs[key] = parser.compile_filter(value)
                  ~~~~~~~~~~~~~~~~~~~~~^^^^^^^
  File "/Users/dhrumeen/projects/django_login/.venv/lib/python3.13/site-packages/django/template/base.py", line 605, in compile_filter
    return FilterExpression(token, self)
  File "/Users/dhrumeen/projects/django_login/.venv/lib/python3.13/site-packages/django/template/base.py", line 702, in __init__
    self.args_check(filter_name, filter_func, args)
    ~~~~~~~~~~~~~~~^^^^^^^^^^^^^^^^^^^^^^^^^^^^^^^^
  File "/Users/dhrumeen/projects/django_login/.venv/lib/python3.13/site-packages/django/template/base.py", line 764, in args_check
    raise TemplateSyntaxError(
        "%s requires %d arguments, %d provided" % (name, alen - dlen, plen)
    )
django.template.exceptions.TemplateSyntaxError: default_if_none requires 2 arguments, 1 provided
ERROR 2025-01-06 11:32:39,104 basehttp "POST /authentication_app/signup/ HTTP/1.1" 500 169864
ERROR 2025-01-06 11:32:50,653 log Internal Server Error: /authentication_app/signup/
Traceback (most recent call last):
  File "/Users/dhrumeen/projects/django_login/.venv/lib/python3.13/site-packages/django/core/handlers/exception.py", line 55, in inner
    response = get_response(request)
  File "/Users/dhrumeen/projects/django_login/.venv/lib/python3.13/site-packages/django/core/handlers/base.py", line 197, in _get_response
    response = wrapped_callback(request, *callback_args, **callback_kwargs)
  File "/Users/dhrumeen/projects/django_login/authentication/authentication_app/views.py", line 55, in signup_view
    return render_htmx_message(context)
  File "/Users/dhrumeen/projects/django_login/authentication/authentication_app/utils.py", line 5, in render_htmx_message
    html_message = render_to_string('authentication_app/message.html', context=context)
  File "/Users/dhrumeen/projects/django_login/.venv/lib/python3.13/site-packages/django/template/loader.py", line 61, in render_to_string
    template = get_template(template_name, using=using)
  File "/Users/dhrumeen/projects/django_login/.venv/lib/python3.13/site-packages/django/template/loader.py", line 15, in get_template
    return engine.get_template(template_name)
           ~~~~~~~~~~~~~~~~~~~^^^^^^^^^^^^^^^
  File "/Users/dhrumeen/projects/django_login/.venv/lib/python3.13/site-packages/django/template/backends/django.py", line 79, in get_template
    return Template(self.engine.get_template(template_name), self)
                    ~~~~~~~~~~~~~~~~~~~~~~~~^^^^^^^^^^^^^^^
  File "/Users/dhrumeen/projects/django_login/.venv/lib/python3.13/site-packages/django/template/engine.py", line 177, in get_template
    template, origin = self.find_template(template_name)
                       ~~~~~~~~~~~~~~~~~~^^^^^^^^^^^^^^^
  File "/Users/dhrumeen/projects/django_login/.venv/lib/python3.13/site-packages/django/template/engine.py", line 159, in find_template
    template = loader.get_template(name, skip=skip)
  File "/Users/dhrumeen/projects/django_login/.venv/lib/python3.13/site-packages/django/template/loaders/cached.py", line 57, in get_template
    template = super().get_template(template_name, skip)
  File "/Users/dhrumeen/projects/django_login/.venv/lib/python3.13/site-packages/django/template/loaders/base.py", line 28, in get_template
    return Template(
        contents,
    ...<2 lines>...
        self.engine,
    )
  File "/Users/dhrumeen/projects/django_login/.venv/lib/python3.13/site-packages/django/template/base.py", line 154, in __init__
    self.nodelist = self.compile_nodelist()
                    ~~~~~~~~~~~~~~~~~~~~~^^
  File "/Users/dhrumeen/projects/django_login/.venv/lib/python3.13/site-packages/django/template/base.py", line 196, in compile_nodelist
    nodelist = parser.parse()
  File "/Users/dhrumeen/projects/django_login/.venv/lib/python3.13/site-packages/django/template/base.py", line 518, in parse
    raise self.error(token, e)
  File "/Users/dhrumeen/projects/django_login/.venv/lib/python3.13/site-packages/django/template/base.py", line 516, in parse
    compiled_result = compile_func(self, token)
  File "/Users/dhrumeen/projects/django_login/.venv/lib/python3.13/site-packages/django/template/defaulttags.py", line 962, in do_if
    nodelist = parser.parse(("elif", "else", "endif"))
  File "/Users/dhrumeen/projects/django_login/.venv/lib/python3.13/site-packages/django/template/base.py", line 518, in parse
    raise self.error(token, e)
  File "/Users/dhrumeen/projects/django_login/.venv/lib/python3.13/site-packages/django/template/base.py", line 516, in parse
    compiled_result = compile_func(self, token)
  File "/Users/dhrumeen/projects/django_login/.venv/lib/python3.13/site-packages/django/template/defaulttags.py", line 1531, in do_with
    extra_context = token_kwargs(remaining_bits, parser, support_legacy=True)
  File "/Users/dhrumeen/projects/django_login/.venv/lib/python3.13/site-packages/django/template/base.py", line 1119, in token_kwargs
    kwargs[key] = parser.compile_filter(value)
                  ~~~~~~~~~~~~~~~~~~~~~^^^^^^^
  File "/Users/dhrumeen/projects/django_login/.venv/lib/python3.13/site-packages/django/template/base.py", line 605, in compile_filter
    return FilterExpression(token, self)
  File "/Users/dhrumeen/projects/django_login/.venv/lib/python3.13/site-packages/django/template/base.py", line 702, in __init__
    self.args_check(filter_name, filter_func, args)
    ~~~~~~~~~~~~~~~^^^^^^^^^^^^^^^^^^^^^^^^^^^^^^^^
  File "/Users/dhrumeen/projects/django_login/.venv/lib/python3.13/site-packages/django/template/base.py", line 764, in args_check
    raise TemplateSyntaxError(
        "%s requires %d arguments, %d provided" % (name, alen - dlen, plen)
    )
django.template.exceptions.TemplateSyntaxError: default_if_none requires 2 arguments, 1 provided
ERROR 2025-01-06 11:32:50,657 basehttp "POST /authentication_app/signup/ HTTP/1.1" 500 169864
